==14037== Memcheck, a memory error detector
==14037== Copyright (C) 2002-2022, and GNU GPL'd, by Julian Seward et al.
==14037== Using Valgrind-3.22.0-bd4db67b1d-20231031 and LibVEX; rerun with -h for copyright info
==14037== Command: ./push_swap 75 69 49 97 58 7 30 45 50 74 4 77 46 40 3 65 98 8 60 27 66 26 16 2 83 79 92 86 33 94 80 32 88 81 95 44 5 9 28 1 73 37 39 70 19 100 20 13 21 78 41 54 6 76 99 71 51 53 35 52 62 22 57 17 55 67 85 68 91 90 12 29 36 10 38 18 14 89 23 82 84 48 93 56 24 11 59 72 63 61 64 43 96 42 87 34 25 31 15 47
==14037== Parent PID: 14023
==14037== 
--14037-- 
--14037-- Valgrind options:
--14037--    --log-file=valgrind_leaks.log
--14037--    --leak-check=full
--14037--    --show-leak-kinds=all
--14037--    --trace-children=yes
--14037--    --track-origins=yes
--14037--    --verbose
--14037-- Contents of /proc/version:
--14037--   Linux version 5.15.133.1-microsoft-standard-WSL2 (root@1c602f52c2e4) (gcc (GCC) 11.2.0, GNU ld (GNU Binutils) 2.37) #1 SMP Thu Oct 5 21:02:42 UTC 2023
--14037-- 
--14037-- Arch and hwcaps: AMD64, LittleEndian, amd64-cx16-lzcnt-rdtscp-sse3-ssse3-avx-avx2-bmi-f16c-rdrand-rdseed
--14037-- Page sizes: currently 4096, max supported 4096
--14037-- Valgrind library directory: /usr/local/libexec/valgrind
--14037-- Reading syms from /home/a/push_swap/push_swap
--14037-- Reading syms from /usr/lib/x86_64-linux-gnu/ld-linux-x86-64.so.2
--14037--   Considering /usr/lib/debug/.build-id/15/921ea631d9f36502d20459c43e5c85b7d6ab76.debug ..
--14037--   .. build-id is valid
--14037-- Reading syms from /usr/local/libexec/valgrind/memcheck-amd64-linux
--14037--    object doesn't have a dynamic symbol table
--14037-- Scheduler: using generic scheduler lock implementation.
--14037-- Reading suppressions file: /usr/local/libexec/valgrind/default.supp
==14037== embedded gdbserver: reading from /tmp/vgdb-pipe-from-vgdb-to-14037-by-a-on-???
==14037== embedded gdbserver: writing to   /tmp/vgdb-pipe-to-vgdb-from-14037-by-a-on-???
==14037== embedded gdbserver: shared mem   /tmp/vgdb-pipe-shared-mem-vgdb-14037-by-a-on-???
==14037== 
==14037== TO CONTROL THIS PROCESS USING vgdb (which you probably
==14037== don't want to do, unless you know exactly what you're doing,
==14037== or are doing some strange experiment):
==14037==   /usr/local/libexec/valgrind/../../bin/vgdb --pid=14037 ...command...
==14037== 
==14037== TO DEBUG THIS PROCESS USING GDB: start GDB like this
==14037==   /path/to/gdb ./push_swap
==14037== and then give GDB the following command
==14037==   target remote | /usr/local/libexec/valgrind/../../bin/vgdb --pid=14037
==14037== --pid is optional if only one valgrind process is running
==14037== 
--14037-- REDIR: 0x402aa40 (ld-linux-x86-64.so.2:strlen) redirected to 0x580c11a2 (vgPlain_amd64_linux_REDIR_FOR_strlen)
--14037-- REDIR: 0x402a810 (ld-linux-x86-64.so.2:index) redirected to 0x580c11bc (vgPlain_amd64_linux_REDIR_FOR_index)
--14037-- Reading syms from /usr/local/libexec/valgrind/vgpreload_core-amd64-linux.so
--14037-- Reading syms from /usr/local/libexec/valgrind/vgpreload_memcheck-amd64-linux.so
==14037== WARNING: new redirection conflicts with existing -- ignoring it
--14037--     old: 0x0402aa40 (strlen              ) R-> (0000.0) 0x580c11a2 vgPlain_amd64_linux_REDIR_FOR_strlen
--14037--     new: 0x0402aa40 (strlen              ) R-> (2007.0) 0x04851850 strlen
--14037-- REDIR: 0x4027220 (ld-linux-x86-64.so.2:strcmp) redirected to 0x48527b0 (strcmp)
--14037-- REDIR: 0x402afa0 (ld-linux-x86-64.so.2:mempcpy) redirected to 0x4856120 (mempcpy)
--14037-- Reading syms from /usr/lib/x86_64-linux-gnu/libc.so.6
--14037--   Considering /usr/lib/debug/.build-id/c2/89da5071a3399de893d2af81d6a30c62646e1e.debug ..
--14037--   .. build-id is valid
==14037== WARNING: new redirection conflicts with existing -- ignoring it
--14037--     old: 0x0490cc60 (memalign            ) R-> (1011.0) 0x0485037e memalign
--14037--     new: 0x0490cc60 (memalign            ) R-> (1017.0) 0x04850ae1 aligned_alloc
==14037== WARNING: new redirection conflicts with existing -- ignoring it
--14037--     old: 0x0490cc60 (memalign            ) R-> (1011.0) 0x0485037e memalign
--14037--     new: 0x0490cc60 (memalign            ) R-> (1017.0) 0x04850984 aligned_alloc
==14037== WARNING: new redirection conflicts with existing -- ignoring it
--14037--     old: 0x0490cc60 (memalign            ) R-> (1011.0) 0x0485037e memalign
--14037--     new: 0x0490cc60 (memalign            ) R-> (1017.0) 0x04850ae1 aligned_alloc
==14037== WARNING: new redirection conflicts with existing -- ignoring it
--14037--     old: 0x0490cc60 (memalign            ) R-> (1011.0) 0x0485037e memalign
--14037--     new: 0x0490cc60 (memalign            ) R-> (1017.0) 0x04850984 aligned_alloc
--14037-- REDIR: 0x490f720 (libc.so.6:strnlen) redirected to 0x483f1ba (_vgnU_ifunc_wrapper)
--14037-- REDIR: 0x490f9e0 (libc.so.6:strpbrk) redirected to 0x483f1ba (_vgnU_ifunc_wrapper)
--14037-- REDIR: 0x490f2e0 (libc.so.6:strcmp) redirected to 0x483f1ba (_vgnU_ifunc_wrapper)
--14037-- REDIR: 0x492dcd0 (libc.so.6:wcsnlen) redirected to 0x483f1ba (_vgnU_ifunc_wrapper)
--14037-- REDIR: 0x49106d0 (libc.so.6:memset) redirected to 0x483f1ba (_vgnU_ifunc_wrapper)
--14037-- REDIR: 0x492c540 (libc.so.6:wcslen) redirected to 0x483f1ba (_vgnU_ifunc_wrapper)
--14037-- REDIR: 0x4910c10 (libc.so.6:memcpy@@GLIBC_2.14) redirected to 0x483f1ba (_vgnU_ifunc_wrapper)
--14037-- REDIR: 0x492c370 (libc.so.6:wcschr) redirected to 0x483f1ba (_vgnU_ifunc_wrapper)
--14037-- REDIR: 0x490f260 (libc.so.6:index) redirected to 0x483f1ba (_vgnU_ifunc_wrapper)
--14037-- REDIR: 0x490f960 (libc.so.6:rindex) redirected to 0x483f1ba (_vgnU_ifunc_wrapper)
--14037-- REDIR: 0x49105a0 (libc.so.6:memmove) redirected to 0x483f1ba (_vgnU_ifunc_wrapper)
==14037== Preferring higher priority redirection:
--14037--     old: 0x04a077c0 (__memcpy_avx_unalign) R-> (2018.0) 0x04853970 __memcpy_avx_unaligned_erms
--14037--     new: 0x04a077c0 (__memcpy_avx_unalign) R-> (2018.1) 0x04855160 memmove
--14037-- REDIR: 0x492c3f0 (libc.so.6:wcscmp) redirected to 0x483f1ba (_vgnU_ifunc_wrapper)
--14037-- REDIR: 0x49109e0 (libc.so.6:stpncpy) redirected to 0x483f1ba (_vgnU_ifunc_wrapper)
--14037-- REDIR: 0x492c9b0 (libc.so.6:wmemchr) redirected to 0x483f1ba (_vgnU_ifunc_wrapper)
--14037-- REDIR: 0x490f830 (libc.so.6:strncmp) redirected to 0x483f1ba (_vgnU_ifunc_wrapper)
--14037-- REDIR: 0x4910a70 (libc.so.6:strcasecmp) redirected to 0x483f1ba (_vgnU_ifunc_wrapper)
--14037-- REDIR: 0x490f420 (libc.so.6:strcspn) redirected to 0x483f1ba (_vgnU_ifunc_wrapper)
--14037-- REDIR: 0x492c470 (libc.so.6:wcscpy) redirected to 0x483f1ba (_vgnU_ifunc_wrapper)
--14037-- REDIR: 0x490f1d0 (libc.so.6:strcat) redirected to 0x483f1ba (_vgnU_ifunc_wrapper)
--14037-- REDIR: 0x4910b60 (libc.so.6:strncasecmp_l) redirected to 0x483f1ba (_vgnU_ifunc_wrapper)
--14037-- REDIR: 0x4910480 (libc.so.6:bcmp) redirected to 0x483f1ba (_vgnU_ifunc_wrapper)
--14037-- REDIR: 0x4918570 (libc.so.6:memrchr) redirected to 0x483f1ba (_vgnU_ifunc_wrapper)
--14037-- REDIR: 0x4912010 (libc.so.6:strchrnul) redirected to 0x483f1ba (_vgnU_ifunc_wrapper)
--14037-- REDIR: 0x490f390 (libc.so.6:strcpy) redirected to 0x483f1ba (_vgnU_ifunc_wrapper)
--14037-- REDIR: 0x4910b10 (libc.so.6:strcasecmp_l) redirected to 0x483f1ba (_vgnU_ifunc_wrapper)
--14037-- REDIR: 0x490f6a0 (libc.so.6:strlen) redirected to 0x483f1ba (_vgnU_ifunc_wrapper)
--14037-- REDIR: 0x490f8d0 (libc.so.6:strncpy) redirected to 0x483f1ba (_vgnU_ifunc_wrapper)
--14037-- REDIR: 0x492ca40 (libc.so.6:wmemcmp) redirected to 0x483f1ba (_vgnU_ifunc_wrapper)
--14037-- REDIR: 0x4910950 (libc.so.6:stpcpy) redirected to 0x483f1ba (_vgnU_ifunc_wrapper)
--14037-- REDIR: 0x49103f0 (libc.so.6:memchr) redirected to 0x483f1ba (_vgnU_ifunc_wrapper)
--14037-- REDIR: 0x490fb00 (libc.so.6:strspn) redirected to 0x483f1ba (_vgnU_ifunc_wrapper)
--14037-- REDIR: 0x49107d0 (libc.so.6:mempcpy) redirected to 0x483f1ba (_vgnU_ifunc_wrapper)
--14037-- REDIR: 0x4910ac0 (libc.so.6:strncasecmp) redirected to 0x483f1ba (_vgnU_ifunc_wrapper)
--14037-- REDIR: 0x4911f80 (libc.so.6:rawmemchr) redirected to 0x483f1ba (_vgnU_ifunc_wrapper)
--14037-- REDIR: 0x4a04610 (libc.so.6:__strrchr_avx2) redirected to 0x4851230 (rindex)
--14037-- REDIR: 0x490c0a0 (libc.so.6:malloc) redirected to 0x4848779 (malloc)
--14037-- REDIR: 0x490c3e0 (libc.so.6:free) redirected to 0x484ba9a (free)
==14037== 
==14037== HEAP SUMMARY:
==14037==     in use at exit: 2,416 bytes in 103 blocks
==14037==   total heap usage: 103 allocs, 0 frees, 2,416 bytes allocated
==14037== 
==14037== Searching for pointers to 103 not-freed blocks
==14037== Checked 108,928 bytes
==14037== 
==14037== 400 bytes in 1 blocks are indirectly lost in loss record 1 of 4
==14037==    at 0x48487EF: malloc (vg_replace_malloc.c:442)
==14037==    by 0x10B2BA: ft_calloc (ft_calloc.c:23)
==14037==    by 0x109362: arg_per_nr (args.c:36)
==14037==    by 0x109519: validate_args (args.c:62)
==14037==    by 0x1091DF: main (in /home/a/push_swap/push_swap)
==14037== 
==14037== 400 bytes in 1 blocks are definitely lost in loss record 2 of 4
==14037==    at 0x48487EF: malloc (vg_replace_malloc.c:442)
==14037==    by 0x10B2BA: ft_calloc (ft_calloc.c:23)
==14037==    by 0x10937F: arg_per_nr (args.c:37)
==14037==    by 0x109519: validate_args (args.c:62)
==14037==    by 0x1091DF: main (in /home/a/push_swap/push_swap)
==14037== 
==14037== 1,600 bytes in 100 blocks are indirectly lost in loss record 3 of 4
==14037==    at 0x48487EF: malloc (vg_replace_malloc.c:442)
==14037==    by 0x10B363: ft_lstnew (ft_lstnew.c:19)
==14037==    by 0x10A3BA: construct_stack (stack.c:27)
==14037==    by 0x1091EB: main (in /home/a/push_swap/push_swap)
==14037== 
==14037== 2,016 (16 direct, 2,000 indirect) bytes in 1 blocks are definitely lost in loss record 4 of 4
==14037==    at 0x48487EF: malloc (vg_replace_malloc.c:442)
==14037==    by 0x10B2BA: ft_calloc (ft_calloc.c:23)
==14037==    by 0x10A366: construct_stack (stack.c:21)
==14037==    by 0x1091EB: main (in /home/a/push_swap/push_swap)
==14037== 
==14037== LEAK SUMMARY:
==14037==    definitely lost: 416 bytes in 2 blocks
==14037==    indirectly lost: 2,000 bytes in 101 blocks
==14037==      possibly lost: 0 bytes in 0 blocks
==14037==    still reachable: 0 bytes in 0 blocks
==14037==         suppressed: 0 bytes in 0 blocks
==14037== 
==14037== ERROR SUMMARY: 2 errors from 2 contexts (suppressed: 0 from 0)
